18:31:08.177 [main] INFO  c.e.testpython.TestpythonApplication - Starting TestpythonApplication using Java 17.0.9 with PID 23508 (C:\Users\kiridepapel\Desktop\testpython\target\classes started by kiridepapel in C:\Users\kiridepapel\Desktop\testpython)
18:31:08.183 [main] INFO  c.e.testpython.TestpythonApplication - No active profile set, falling back to 1 default profile: "default"
18:31:10.528 [main] INFO  o.s.b.w.e.tomcat.TomcatWebServer - Tomcat initialized with port 8080 (http)
18:31:10.546 [main] INFO  o.a.coyote.http11.Http11NioProtocol - Initializing ProtocolHandler ["http-nio-8080"]
18:31:10.551 [main] INFO  o.a.catalina.core.StandardService - Starting service [Tomcat]
18:31:10.552 [main] INFO  o.a.catalina.core.StandardEngine - Starting Servlet engine: [Apache Tomcat/10.1.28]
18:31:10.662 [main] INFO  o.a.c.c.C.[Tomcat].[localhost].[/] - Initializing Spring embedded WebApplicationContext
18:31:10.664 [main] INFO  o.s.b.w.s.c.ServletWebServerApplicationContext - Root WebApplicationContext: initialization completed in 2283 ms
18:31:11.510 [main] INFO  o.a.coyote.http11.Http11NioProtocol - Starting ProtocolHandler ["http-nio-8080"]
18:31:11.556 [main] INFO  o.s.b.w.e.tomcat.TomcatWebServer - Tomcat started on port 8080 (http) with context path '/'
18:31:11.573 [main] INFO  c.e.testpython.TestpythonApplication - Started TestpythonApplication in 4.449 seconds (process running for 5.543)
18:31:15.983 [http-nio-8080-exec-1] INFO  o.a.c.c.C.[Tomcat].[localhost].[/] - Initializing Spring DispatcherServlet 'dispatcherServlet'
18:31:15.983 [http-nio-8080-exec-1] INFO  o.s.web.servlet.DispatcherServlet - Initializing Servlet 'dispatcherServlet'
18:31:15.984 [http-nio-8080-exec-1] INFO  o.s.web.servlet.DispatcherServlet - Completed initialization in 1 ms
18:49:43.624 [main] INFO  c.e.testpython.TestpythonApplication - Starting TestpythonApplication using Java 17.0.9 with PID 2780 (C:\Users\kiridepapel\Desktop\testpython\target\classes started by kiridepapel in C:\Users\kiridepapel\Desktop\testpython)
18:49:43.627 [main] INFO  c.e.testpython.TestpythonApplication - No active profile set, falling back to 1 default profile: "default"
18:49:45.668 [main] INFO  o.s.b.w.e.tomcat.TomcatWebServer - Tomcat initialized with port 8080 (http)
18:49:45.697 [main] INFO  o.a.coyote.http11.Http11NioProtocol - Initializing ProtocolHandler ["http-nio-8080"]
18:49:45.710 [main] INFO  o.a.catalina.core.StandardService - Starting service [Tomcat]
18:49:45.712 [main] INFO  o.a.catalina.core.StandardEngine - Starting Servlet engine: [Apache Tomcat/10.1.28]
18:49:45.858 [main] INFO  o.a.c.c.C.[Tomcat].[localhost].[/] - Initializing Spring embedded WebApplicationContext
18:49:45.860 [main] INFO  o.s.b.w.s.c.ServletWebServerApplicationContext - Root WebApplicationContext: initialization completed in 2158 ms
18:49:46.506 [main] INFO  o.a.coyote.http11.Http11NioProtocol - Starting ProtocolHandler ["http-nio-8080"]
18:49:46.552 [main] INFO  o.s.b.w.e.tomcat.TomcatWebServer - Tomcat started on port 8080 (http) with context path '/'
18:49:46.568 [main] INFO  c.e.testpython.TestpythonApplication - Started TestpythonApplication in 3.718 seconds (process running for 4.853)
18:51:33.685 [main] INFO  c.e.testpython.TestpythonApplication - Starting TestpythonApplication using Java 17.0.9 with PID 21224 (C:\Users\kiridepapel\Desktop\testpython\target\classes started by kiridepapel in C:\Users\kiridepapel\Desktop\testpython)
18:51:33.688 [main] INFO  c.e.testpython.TestpythonApplication - No active profile set, falling back to 1 default profile: "default"
18:51:36.010 [main] INFO  o.s.b.w.e.tomcat.TomcatWebServer - Tomcat initialized with port 8080 (http)
18:51:36.049 [main] INFO  o.a.coyote.http11.Http11NioProtocol - Initializing ProtocolHandler ["http-nio-8080"]
18:51:36.057 [main] INFO  o.a.catalina.core.StandardService - Starting service [Tomcat]
18:51:36.058 [main] INFO  o.a.catalina.core.StandardEngine - Starting Servlet engine: [Apache Tomcat/10.1.28]
18:51:36.208 [main] INFO  o.a.c.c.C.[Tomcat].[localhost].[/] - Initializing Spring embedded WebApplicationContext
18:51:36.210 [main] INFO  o.s.b.w.s.c.ServletWebServerApplicationContext - Root WebApplicationContext: initialization completed in 2419 ms
18:51:37.426 [main] INFO  o.a.coyote.http11.Http11NioProtocol - Starting ProtocolHandler ["http-nio-8080"]
18:51:37.469 [main] INFO  o.s.b.w.e.tomcat.TomcatWebServer - Tomcat started on port 8080 (http) with context path '/'
18:51:37.486 [main] INFO  c.e.testpython.TestpythonApplication - Started TestpythonApplication in 4.7 seconds (process running for 5.568)
18:51:53.983 [http-nio-8080-exec-1] INFO  o.a.c.c.C.[Tomcat].[localhost].[/] - Initializing Spring DispatcherServlet 'dispatcherServlet'
18:51:53.983 [http-nio-8080-exec-1] INFO  o.s.web.servlet.DispatcherServlet - Initializing Servlet 'dispatcherServlet'
18:51:53.985 [http-nio-8080-exec-1] INFO  o.s.web.servlet.DispatcherServlet - Completed initialization in 2 ms
18:52:42.877 [main] INFO  c.e.testpython.TestpythonApplication - Starting TestpythonApplication using Java 17.0.9 with PID 21692 (C:\Users\kiridepapel\Desktop\testpython\target\classes started by kiridepapel in C:\Users\kiridepapel\Desktop\testpython)
18:52:42.881 [main] INFO  c.e.testpython.TestpythonApplication - No active profile set, falling back to 1 default profile: "default"
18:52:44.987 [main] INFO  o.s.b.w.e.tomcat.TomcatWebServer - Tomcat initialized with port 8080 (http)
18:52:45.006 [main] INFO  o.a.coyote.http11.Http11NioProtocol - Initializing ProtocolHandler ["http-nio-8080"]
18:52:45.014 [main] INFO  o.a.catalina.core.StandardService - Starting service [Tomcat]
18:52:45.014 [main] INFO  o.a.catalina.core.StandardEngine - Starting Servlet engine: [Apache Tomcat/10.1.28]
18:52:45.144 [main] INFO  o.a.c.c.C.[Tomcat].[localhost].[/] - Initializing Spring embedded WebApplicationContext
18:52:45.149 [main] INFO  o.s.b.w.s.c.ServletWebServerApplicationContext - Root WebApplicationContext: initialization completed in 2173 ms
18:52:45.781 [main] INFO  o.a.coyote.http11.Http11NioProtocol - Starting ProtocolHandler ["http-nio-8080"]
18:52:45.819 [main] INFO  o.s.b.w.e.tomcat.TomcatWebServer - Tomcat started on port 8080 (http) with context path '/'
18:52:45.833 [main] INFO  c.e.testpython.TestpythonApplication - Started TestpythonApplication in 3.669 seconds (process running for 4.681)
18:52:51.149 [http-nio-8080-exec-1] INFO  o.a.c.c.C.[Tomcat].[localhost].[/] - Initializing Spring DispatcherServlet 'dispatcherServlet'
18:52:51.150 [http-nio-8080-exec-1] INFO  o.s.web.servlet.DispatcherServlet - Initializing Servlet 'dispatcherServlet'
18:52:51.151 [http-nio-8080-exec-1] INFO  o.s.web.servlet.DispatcherServlet - Completed initialization in 1 ms
19:33:53.028 [main] INFO  c.e.testpython.TestpythonApplication - Starting TestpythonApplication using Java 17.0.9 with PID 23660 (C:\Users\kiridepapel\Desktop\testpython\target\classes started by kiridepapel in C:\Users\kiridepapel\Desktop\testpython)
19:33:53.032 [main] INFO  c.e.testpython.TestpythonApplication - No active profile set, falling back to 1 default profile: "default"
19:33:56.958 [main] INFO  o.s.b.w.e.tomcat.TomcatWebServer - Tomcat initialized with port 8080 (http)
19:33:56.980 [main] INFO  o.a.coyote.http11.Http11NioProtocol - Initializing ProtocolHandler ["http-nio-8080"]
19:33:56.987 [main] INFO  o.a.catalina.core.StandardService - Starting service [Tomcat]
19:33:56.988 [main] INFO  o.a.catalina.core.StandardEngine - Starting Servlet engine: [Apache Tomcat/10.1.28]
19:33:57.158 [main] INFO  o.a.c.c.C.[Tomcat].[localhost].[/] - Initializing Spring embedded WebApplicationContext
19:33:57.160 [main] INFO  o.s.b.w.s.c.ServletWebServerApplicationContext - Root WebApplicationContext: initialization completed in 4012 ms
19:33:58.133 [main] INFO  o.a.coyote.http11.Http11NioProtocol - Starting ProtocolHandler ["http-nio-8080"]
19:33:58.190 [main] INFO  o.s.b.w.e.tomcat.TomcatWebServer - Tomcat started on port 8080 (http) with context path '/'
19:33:58.219 [main] INFO  c.e.testpython.TestpythonApplication - Started TestpythonApplication in 6.128 seconds (process running for 7.401)
19:34:49.418 [main] INFO  c.e.testpython.TestpythonApplication - Starting TestpythonApplication using Java 17.0.9 with PID 12956 (C:\Users\kiridepapel\Desktop\testpython\target\classes started by kiridepapel in C:\Users\kiridepapel\Desktop\testpython)
19:34:49.421 [main] INFO  c.e.testpython.TestpythonApplication - No active profile set, falling back to 1 default profile: "default"
19:34:51.685 [main] INFO  o.s.b.w.e.tomcat.TomcatWebServer - Tomcat initialized with port 8080 (http)
19:34:51.703 [main] INFO  o.a.coyote.http11.Http11NioProtocol - Initializing ProtocolHandler ["http-nio-8080"]
19:34:51.711 [main] INFO  o.a.catalina.core.StandardService - Starting service [Tomcat]
19:34:51.712 [main] INFO  o.a.catalina.core.StandardEngine - Starting Servlet engine: [Apache Tomcat/10.1.28]
19:34:51.850 [main] INFO  o.a.c.c.C.[Tomcat].[localhost].[/] - Initializing Spring embedded WebApplicationContext
19:34:51.852 [main] INFO  o.s.b.w.s.c.ServletWebServerApplicationContext - Root WebApplicationContext: initialization completed in 2249 ms
19:34:52.502 [main] INFO  o.a.coyote.http11.Http11NioProtocol - Starting ProtocolHandler ["http-nio-8080"]
19:34:52.551 [main] INFO  o.s.b.w.e.tomcat.TomcatWebServer - Tomcat started on port 8080 (http) with context path '/'
19:34:52.577 [main] INFO  c.e.testpython.TestpythonApplication - Started TestpythonApplication in 4.15 seconds (process running for 5.252)
